<?xml version="1.0" encoding="UTF-8"?>
<!-- Generated by org.testng.reporters.JUnitReportReporter -->
<testsuite hostname="LAPTOP-9GE3C8N4" failures="0" tests="1" name="testpkg.saucetest" time="17.229" errors="0" timestamp="2024-10-29T20:26:23 IST" skipped="0">
  <testcase classname="testpkg.saucetest" name="testdetails" time="17.229"/>
  <system-out/>
</testsuite> <!-- testpkg.saucetest -->
